<?xml version="1.0" encoding="utf-8"?><testsuites name="pytest tests"><testsuite name="pytest" errors="0" failures="0" skipped="0" tests="10" time="3.515" timestamp="2026-03-17T17:09:20.950804+00:00" hostname="agent-env-db1c734e-9133-4e3b-9910-ba40443ab32a"><testcase classname="backend.tests.test_presets_api.TestHealthCheck" name="test_api_health" time="0.187" /><testcase classname="backend.tests.test_presets_api.TestToolPresetsAPI" name="test_get_tool_presets_returns_defaults" time="0.306" /><testcase classname="backend.tests.test_presets_api.TestToolPresetsAPI" name="test_put_tool_presets_saves_to_mongodb" time="0.286" /><testcase classname="backend.tests.test_presets_api.TestToolPresetsAPI" name="test_tool_preset_with_construction_type" time="0.442" /><testcase classname="backend.tests.test_presets_api.TestMaksueraPresetsAPI" name="test_get_maksuera_presets_returns_defaults" time="0.309" /><testcase classname="backend.tests.test_presets_api.TestMaksueraPresetsAPI" name="test_put_maksuera_presets_saves_to_mongodb" time="0.363" /><testcase classname="backend.tests.test_presets_api.TestResetPresetsAPI" name="test_reset_presets_clears_custom_and_returns_defaults" time="0.397" /><testcase classname="backend.tests.test_presets_api.TestResetPresetsAPI" name="test_reset_presets_persists_defaults" time="0.304" /><testcase classname="backend.tests.test_presets_api.TestPresetDataIntegrity" name="test_preset_price_types" time="0.292" /><testcase classname="backend.tests.test_presets_api.TestPresetDataIntegrity" name="test_empty_preset_save_and_load" time="0.551" /></testsuite></testsuites>