<?xml version="1.0" encoding="utf-8"?><testsuites name="pytest tests"><testsuite name="pytest" errors="0" failures="0" skipped="0" tests="10" time="2.536" timestamp="2026-03-18T10:27:47.409198+00:00" hostname="agent-env-05747fe4-5c58-4ebe-9092-488d3e763f0d"><testcase classname="tests.test_productivity_api.TestProductivityAPI" name="test_api_health" time="0.215" /><testcase classname="tests.test_productivity_api.TestProductivityAPI" name="test_get_productivity_rates_returns_rates" time="0.178" /><testcase classname="tests.test_productivity_api.TestProductivityAPI" name="test_get_productivity_rates_structure" time="0.142" /><testcase classname="tests.test_productivity_api.TestProductivityAPI" name="test_get_productivity_rates_categories" time="0.171" /><testcase classname="tests.test_productivity_api.TestProductivityAPI" name="test_put_productivity_rates_saves_custom_rate" time="0.353" /><testcase classname="tests.test_productivity_api.TestProductivityAPI" name="test_put_productivity_rates_updates_existing_rate" time="0.330" /><testcase classname="tests.test_productivity_api.TestProductivityAPI" name="test_reset_presets_restores_defaults" time="0.203" /><testcase classname="tests.test_productivity_api.TestToolPresetsIntegration" name="test_get_tool_presets" time="0.158" /><testcase classname="tests.test_productivity_api.TestToolPresetsIntegration" name="test_custom_tool_preset_appears_in_productivity_rates" time="0.471" /><testcase classname="tests.test_productivity_api.TestMaksueraPresets" name="test_get_maksuera_presets" time="0.204" /></testsuite></testsuites>