<?xml version="1.0" encoding="utf-8"?><testsuites name="pytest tests"><testsuite name="pytest" errors="0" failures="0" skipped="0" tests="8" time="7.594" timestamp="2026-03-17T16:08:22.409527+00:00" hostname="agent-env-db1c734e-9133-4e3b-9910-ba40443ab32a"><testcase classname="test_sam_api.TestHealthEndpoint" name="test_health_check" time="0.362" /><testcase classname="test_sam_api.TestSAMSegmentPointEndpoint" name="test_segment_point_with_image_url" time="1.635" /><testcase classname="test_sam_api.TestSAMSegmentPointEndpoint" name="test_segment_point_edge_coordinates" time="0.852" /><testcase classname="test_sam_api.TestSAMSegmentPointEndpoint" name="test_segment_point_missing_parameters" time="0.140" /><testcase classname="test_sam_api.TestSAMSegmentPointEndpoint" name="test_segment_point_invalid_coordinates" time="1.246" /><testcase classname="test_sam_api.TestSAMSegmentPointEndpoint" name="test_segment_point_with_zero_dimensions" time="1.208" /><testcase classname="test_sam_api.TestSAMResponseFormat" name="test_response_mask_structure" time="1.060" /><testcase classname="test_sam_api.TestSAMResponseFormat" name="test_masks_sorted_by_score" time="0.992" /></testsuite></testsuites>