<?xml version="1.0" encoding="utf-8"?><testsuites name="pytest tests"><testsuite name="pytest" errors="0" failures="0" skipped="0" tests="11" time="3.316" timestamp="2026-03-20T18:18:29.904504+00:00" hostname="agent-env-40c1af2c-1aa7-48cb-8a61-8d101c7c68e5"><testcase classname="backend.tests.test_tarjous_email.TestHealthEndpoint" name="test_api_health" time="0.169" /><testcase classname="backend.tests.test_tarjous_email.TestSendTarjousEmail" name="test_send_email_success" time="0.849" /><testcase classname="backend.tests.test_tarjous_email.TestSendTarjousEmail" name="test_send_email_without_sender_name" time="0.372" /><testcase classname="backend.tests.test_tarjous_email.TestSendTarjousEmail" name="test_send_email_invalid_email_format" time="0.165" /><testcase classname="backend.tests.test_tarjous_email.TestSendTarjousEmail" name="test_send_email_missing_required_fields" time="0.138" /><testcase classname="backend.tests.test_tarjous_email.TestSendTarjousEmail" name="test_send_email_with_finnish_characters" time="0.506" /><testcase classname="backend.tests.test_tarjous_email.TestSendTarjousEmail" name="test_send_email_with_long_body" time="0.410" /><testcase classname="backend.tests.test_tarjous_email.TestOfferTermsEndpoint" name="test_get_offer_terms" time="0.197" /><testcase classname="backend.tests.test_tarjous_email.TestOfferTermsEndpoint" name="test_offer_terms_content" time="0.179" /><testcase classname="backend.tests.test_tarjous_email.TestToolPresetsEndpoint" name="test_get_tool_presets" time="0.140" /><testcase classname="backend.tests.test_tarjous_email.TestToolPresetsEndpoint" name="test_tool_presets_structure" time="0.139" /></testsuite></testsuites>