<?xml version="1.0" encoding="utf-8"?><testsuites name="pytest tests"><testsuite name="pytest" errors="0" failures="0" skipped="0" tests="15" time="2.747" timestamp="2026-03-18T19:11:21.078450+00:00" hostname="agent-env-7d354785-f29e-4fc0-b251-25d11eb8fa24"><testcase classname="backend.tests.test_tes_calculations.TestTesPricesAPI" name="test_api_health" time="0.273" /><testcase classname="backend.tests.test_tes_calculations.TestTesPricesAPI" name="test_tes_prices_returns_hourly_target_18_euros" time="0.211" /><testcase classname="backend.tests.test_tes_calculations.TestTesPricesAPI" name="test_tes_prices_returns_prices_array" time="0.176" /><testcase classname="backend.tests.test_tes_calculations.TestTesPricesAPI" name="test_tes_price_structure" time="0.175" /><testcase classname="backend.tests.test_tes_calculations.TestTesPricesAPI" name="test_huoltomaalaus_price" time="0.130" /><testcase classname="backend.tests.test_tes_calculations.TestTesPricesAPI" name="test_tes_categories_present" time="0.287" /><testcase classname="backend.tests.test_tes_calculations.TestProductivityCalculation" name="test_productivity_formula_with_2_60_price" time="0.191" /><testcase classname="backend.tests.test_tes_calculations.TestProductivityCalculation" name="test_productivity_api_returns_calculated_rates" time="0.133" /><testcase classname="backend.tests.test_tes_calculations.TestWorkHoursCalculation" name="test_hours_calculation_100m2_with_2_60_price" time="0.186" /><testcase classname="backend.tests.test_tes_calculations.TestWorkHoursCalculation" name="test_various_quantity_calculations" time="0.256" /><testcase classname="backend.tests.test_tes_calculations.TestWorkDaysCalculation" name="test_days_calculation_with_example" time="0.000" /><testcase classname="backend.tests.test_tes_calculations.TestWorkDaysCalculation" name="test_full_calculation_chain" time="0.203" /><testcase classname="backend.tests.test_tes_calculations.TestOfferTermsAPI" name="test_offer_terms_returns_array" time="0.122" /><testcase classname="backend.tests.test_tes_calculations.TestToolPresetsAPI" name="test_tool_presets_returns_presets" time="0.140" /><testcase classname="backend.tests.test_tes_calculations.TestToolPresetsAPI" name="test_tool_presets_structure" time="0.125" /></testsuite></testsuites>