<?xml version="1.0" encoding="utf-8"?><testsuites name="pytest tests"><testsuite name="pytest" errors="0" failures="0" skipped="0" tests="8" time="3.332" timestamp="2026-03-17T19:48:59.803314+00:00" hostname="agent-env-05747fe4-5c58-4ebe-9092-488d3e763f0d"><testcase classname="backend.tests.test_work_schedule_api.TestProductivityAPI" name="test_api_health" time="0.166" /><testcase classname="backend.tests.test_work_schedule_api.TestProductivityAPI" name="test_get_productivity_rates_returns_defaults" time="0.277" /><testcase classname="backend.tests.test_work_schedule_api.TestProductivityAPI" name="test_get_productivity_rates_has_correct_default_values" time="0.287" /><testcase classname="backend.tests.test_work_schedule_api.TestProductivityAPI" name="test_get_productivity_rates_all_categories" time="0.290" /><testcase classname="backend.tests.test_work_schedule_api.TestProductivityAPI" name="test_put_productivity_rates_saves_custom_rates" time="0.411" /><testcase classname="backend.tests.test_work_schedule_api.TestProductivityAPI" name="test_put_productivity_rates_updates_single_rate" time="0.867" /><testcase classname="backend.tests.test_work_schedule_api.TestProductivityAPI" name="test_reset_restores_default_productivity_rates" time="0.545" /><testcase classname="backend.tests.test_work_schedule_api.TestProductivityAPI" name="test_productivity_rates_decimal_handling" time="0.376" /></testsuite></testsuites>